<?xml version="1.0" encoding="utf-8" standalone="no"?>
<test-results xmlns:xsi="http://www.w3.org/2001/XMLSchema-instance" xsi:noNamespaceSchemaLocation="nunit_schema_2.5.xsd" name="Pester" total="7" errors="0" failures="0" not-run="0" inconclusive="0" ignored="0" skipped="0" invalid="0" date="2019-04-04" time="21:59:30">
  <environment user="TI" machine-name="DESKTOP-N5523PQ" cwd="F:\GitHub\Source\SeleniumWin10" user-domain="DESKTOP-N5523PQ" platform="Microsoft Windows 10 Pro|C:\WINDOWS|\Device\Harddisk0\Partition2" nunit-version="2.5.8.0" os-version="10.0.17134" clr-version="4.0.30319.42000" />
  <culture-info current-culture="en-AU" current-uiculture="en-US" />
  <test-suite type="TestFixture" name="Pester" executed="True" result="Success" success="True" time="48.5585" asserts="0" description="Pester">
    <results>
      <test-suite type="TestFixture" name="F:\GitHub\Source\SeleniumWin10\FreelancerTests.ps1" executed="True" result="Success" success="True" time="48.5585" asserts="0" description="F:\GitHub\Source\SeleniumWin10\FreelancerTests.ps1">
        <results>
          <test-suite type="TestFixture" name="firefoxgrid Freelancer" executed="True" result="Success" success="True" time="48.5585" asserts="0" description="firefoxgrid Freelancer">
            <results>
              <test-suite type="TestFixture" name="Login to Freelancer" executed="True" result="Success" success="True" time="38.1638" asserts="0" description="Login to Freelancer">
                <results>
                  <test-case description="Launch firefoxgrid" name="firefoxgrid Freelancer.Login to Freelancer.Launch firefoxgrid" time="6.1614" asserts="0" success="True" result="Success" executed="True" />
                  <test-case description="At Freelancer Page " name="firefoxgrid Freelancer.Login to Freelancer.At Freelancer Page " time="9.3418" asserts="0" success="True" result="Success" executed="True" />
                  <test-case description="At login screen" name="firefoxgrid Freelancer.Login to Freelancer.At login screen" time="0.8032" asserts="0" success="True" result="Success" executed="True" />
                  <test-case description="Enter username" name="firefoxgrid Freelancer.Login to Freelancer.Enter username" time="6.2794" asserts="0" success="True" result="Success" executed="True" />
                  <test-case description="Enter password" name="firefoxgrid Freelancer.Login to Freelancer.Enter password" time="1.2584" asserts="0" success="True" result="Success" executed="True" />
                  <test-case description="Logged into Dashboard" name="firefoxgrid Freelancer.Login to Freelancer.Logged into Dashboard" time="14.3197" asserts="0" success="True" result="Success" executed="True" />
                </results>
              </test-suite>
              <test-suite type="TestFixture" name="Navigate to different Page" executed="True" result="Success" success="True" time="10.3947" asserts="0" description="Navigate to different Page">
                <results>
                  <test-case description="Goto search page" name="firefoxgrid Freelancer.Navigate to different Page.Goto search page" time="10.3947" asserts="0" success="True" result="Success" executed="True" />
                </results>
              </test-suite>
            </results>
          </test-suite>
        </results>
      </test-suite>
    </results>
  </test-suite>
</test-results>